# JRE version: OpenJDK Runtime Environment (8.0_232-b09) (build 1.8.0_232-b09)
# Java VM: OpenJDK 64-Bit Server VM (25.232-b09 mixed mode windows-amd64 compressed oops)
Heap:
 PSYoungGen      total 75264K, used 28598K [0x00000000eb580000, 0x00000000f4b80000, 0x0000000100000000)
  eden space 62976K, 27% used [0x00000000eb580000,0x00000000ec6a5ee0,0x00000000ef300000)
  from space 12288K, 89% used [0x00000000ef300000,0x00000000efdc7c18,0x00000000eff00000)
  to   space 13824K, 0% used [0x00000000f3e00000,0x00000000f3e00000,0x00000000f4b80000)
 ParOldGen       total 42496K, used 21112K [0x00000000c2000000, 0x00000000c4980000, 0x00000000eb580000)
  object space 42496K, 49% used [0x00000000c2000000,0x00000000c349e370,0x00000000c4980000)
 Metaspace       used 20337K, capacity 20570K, committed 20864K, reserved 1067008K
  class space    used 2536K, capacity 2599K, committed 2688K, reserved 1048576K
GC Heap History (10 events):
Event: 0.806 GC heap before
{Heap before GC invocations=3 (full 0):
 PSYoungGen      total 18432K, used 18428K [0x00000000eb580000, 0x00000000ed980000, 0x0000000100000000)
  eden space 15872K, 100% used [0x00000000eb580000,0x00000000ec500000,0x00000000ec500000)
  from space 2560K, 99% used [0x00000000ec780000,0x00000000ec9ff1a8,0x00000000eca00000)
  to   space 2560K, 0% used [0x00000000ec500000,0x00000000ec500000,0x00000000ec780000)
 ParOldGen       total 42496K, used 2753K [0x00000000c2000000, 0x00000000c4980000, 0x00000000eb580000)
  object space 42496K, 6% used [0x00000000c2000000,0x00000000c22b0740,0x00000000c4980000)
 Metaspace       used 7019K, capacity 7118K, committed 7296K, reserved 1056768K
  class space    used 769K, capacity 789K, committed 896K, reserved 1048576K
Event: 0.809 GC heap after
Heap after GC invocations=3 (full 0):
 PSYoungGen      total 18432K, used 2532K [0x00000000eb580000, 0x00000000ed980000, 0x0000000100000000)
  eden space 15872K, 0% used [0x00000000eb580000,0x00000000eb580000,0x00000000ec500000)
  from space 2560K, 98% used [0x00000000ec500000,0x00000000ec7791a8,0x00000000ec780000)
  to   space 2560K, 0% used [0x00000000ed700000,0x00000000ed700000,0x00000000ed980000)
 ParOldGen       total 42496K, used 5615K [0x00000000c2000000, 0x00000000c4980000, 0x00000000eb580000)
  object space 42496K, 13% used [0x00000000c2000000,0x00000000c257bd90,0x00000000c4980000)
 Metaspace       used 7019K, capacity 7118K, committed 7296K, reserved 1056768K
  class space    used 769K, capacity 789K, committed 896K, reserved 1048576K
}
Event: 0.906 GC heap before
{Heap before GC invocations=4 (full 0):
 PSYoungGen      total 18432K, used 18404K [0x00000000eb580000, 0x00000000ed980000, 0x0000000100000000)
  eden space 15872K, 100% used [0x00000000eb580000,0x00000000ec500000,0x00000000ec500000)
  from space 2560K, 98% used [0x00000000ec500000,0x00000000ec7791a8,0x00000000ec780000)
  to   space 2560K, 0% used [0x00000000ed700000,0x00000000ed700000,0x00000000ed980000)
 ParOldGen       total 42496K, used 5615K [0x00000000c2000000, 0x00000000c4980000, 0x00000000eb580000)
  object space 42496K, 13% used [0x00000000c2000000,0x00000000c257bd90,0x00000000c4980000)
 Metaspace       used 8455K, capacity 8590K, committed 8832K, reserved 1056768K
  class space    used 1003K, capacity 1045K, committed 1152K, reserved 1048576K
Event: 0.912 GC heap after
Heap after GC invocations=4 (full 0):
 PSYoungGen      total 34304K, used 2552K [0x00000000eb580000, 0x00000000ed980000, 0x0000000100000000)
  eden space 31744K, 0% used [0x00000000eb580000,0x00000000eb580000,0x00000000ed480000)
  from space 2560K, 99% used [0x00000000ed700000,0x00000000ed97e330,0x00000000ed980000)
  to   space 2560K, 0% used [0x00000000ed480000,0x00000000ed480000,0x00000000ed700000)
 ParOldGen       total 42496K, used 13613K [0x00000000c2000000, 0x00000000c4980000, 0x00000000eb580000)
  object space 42496K, 32% used [0x00000000c2000000,0x00000000c2d4b770,0x00000000c4980000)
 Metaspace       used 8455K, capacity 8590K, committed 8832K, reserved 1056768K
  class space    used 1003K, capacity 1045K, committed 1152K, reserved 1048576K
}
Event: 1.238 GC heap before
{Heap before GC invocations=5 (full 0):
 PSYoungGen      total 34304K, used 34265K [0x00000000eb580000, 0x00000000ed980000, 0x0000000100000000)
  eden space 31744K, 99% used [0x00000000eb580000,0x00000000ed478380,0x00000000ed480000)
  from space 2560K, 99% used [0x00000000ed700000,0x00000000ed97e330,0x00000000ed980000)
  to   space 2560K, 0% used [0x00000000ed480000,0x00000000ed480000,0x00000000ed700000)
 ParOldGen       total 42496K, used 13613K [0x00000000c2000000, 0x00000000c4980000, 0x00000000eb580000)
  object space 42496K, 32% used [0x00000000c2000000,0x00000000c2d4b770,0x00000000c4980000)
 Metaspace       used 11870K, capacity 11930K, committed 12032K, reserved 1060864K
  class space    used 1469K, capacity 1495K, committed 1536K, reserved 1048576K
Event: 1.244 GC heap after
Heap after GC invocations=5 (full 0):
 PSYoungGen      total 34304K, used 2532K [0x00000000eb580000, 0x00000000f0a80000, 0x0000000100000000)
  eden space 31744K, 0% used [0x00000000eb580000,0x00000000eb580000,0x00000000ed480000)
  from space 2560K, 98% used [0x00000000ed480000,0x00000000ed6f9198,0x00000000ed700000)
  to   space 11776K, 0% used [0x00000000eff00000,0x00000000eff00000,0x00000000f0a80000)
 ParOldGen       total 42496K, used 19788K [0x00000000c2000000, 0x00000000c4980000, 0x00000000eb580000)
  object space 42496K, 46% used [0x00000000c2000000,0x00000000c33531d8,0x00000000c4980000)
 Metaspace       used 11870K, capacity 11930K, committed 12032K, reserved 1060864K
  class space    used 1469K, capacity 1495K, committed 1536K, reserved 1048576K
}
Event: 1.661 GC heap before
{Heap before GC invocations=6 (full 0):
 PSYoungGen      total 34304K, used 34276K [0x00000000eb580000, 0x00000000f0a80000, 0x0000000100000000)
  eden space 31744K, 100% used [0x00000000eb580000,0x00000000ed480000,0x00000000ed480000)
  from space 2560K, 98% used [0x00000000ed480000,0x00000000ed6f9198,0x00000000ed700000)
  to   space 11776K, 0% used [0x00000000eff00000,0x00000000eff00000,0x00000000f0a80000)
 ParOldGen       total 42496K, used 19788K [0x00000000c2000000, 0x00000000c4980000, 0x00000000eb580000)
  object space 42496K, 46% used [0x00000000c2000000,0x00000000c33531d8,0x00000000c4980000)
 Metaspace       used 15158K, capacity 15254K, committed 15616K, reserved 1062912K
  class space    used 1920K, capacity 1953K, committed 2048K, reserved 1048576K
Event: 1.668 GC heap after
Heap after GC invocations=6 (full 0):
 PSYoungGen      total 74752K, used 8344K [0x00000000eb580000, 0x00000000f0b80000, 0x0000000100000000)
  eden space 62976K, 0% used [0x00000000eb580000,0x00000000eb580000,0x00000000ef300000)
  from space 11776K, 70% used [0x00000000eff00000,0x00000000f0726038,0x00000000f0a80000)
  to   space 12288K, 0% used [0x00000000ef300000,0x00000000ef300000,0x00000000eff00000)
 ParOldGen       total 42496K, used 19788K [0x00000000c2000000, 0x00000000c4980000, 0x00000000eb580000)
  object space 42496K, 46% used [0x00000000c2000000,0x00000000c33531d8,0x00000000c4980000)
 Metaspace       used 15158K, capacity 15254K, committed 15616K, reserved 1062912K
  class space    used 1920K, capacity 1953K, committed 2048K, reserved 1048576K
}
Event: 2.643 GC heap before
{Heap before GC invocations=7 (full 0):
 PSYoungGen      total 74752K, used 71320K [0x00000000eb580000, 0x00000000f0b80000, 0x0000000100000000)
  eden space 62976K, 100% used [0x00000000eb580000,0x00000000ef300000,0x00000000ef300000)
  from space 11776K, 70% used [0x00000000eff00000,0x00000000f0726038,0x00000000f0a80000)
  to   space 12288K, 0% used [0x00000000ef300000,0x00000000ef300000,0x00000000eff00000)
 ParOldGen       total 42496K, used 19788K [0x00000000c2000000, 0x00000000c4980000, 0x00000000eb580000)
  object space 42496K, 46% used [0x00000000c2000000,0x00000000c33531d8,0x00000000c4980000)
 Metaspace       used 19244K, capacity 19496K, committed 19712K, reserved 1067008K
  class space    used 2429K, capacity 2500K, committed 2560K, reserved 1048576K
Event: 2.667 GC heap after
Heap after GC invocations=7 (full 0):
 PSYoungGen      total 75264K, used 11039K [0x00000000eb580000, 0x00000000f4b80000, 0x0000000100000000)
  eden space 62976K, 0% used [0x00000000eb580000,0x00000000eb580000,0x00000000ef300000)
  from space 12288K, 89% used [0x00000000ef300000,0x00000000efdc7c18,0x00000000eff00000)
  to   space 13824K, 0% used [0x00000000f3e00000,0x00000000f3e00000,0x00000000f4b80000)
 ParOldGen       total 42496K, used 21112K [0x00000000c2000000, 0x00000000c4980000, 0x00000000eb580000)
  object space 42496K, 49% used [0x00000000c2000000,0x00000000c349e370,0x00000000c4980000)
 Metaspace       used 19244K, capacity 19496K, committed 19712K, reserved 1067008K
  class space    used 2429K, capacity 2500K, committed 2560K, reserved 1048576K
}

